<?xml version="1.0" encoding="UTF-8"?>
<testng-results skipped="0" failed="0" ignored="0" total="1" passed="1">
  <reporter-output>
  </reporter-output>
  <suite name="Suite" duration-ms="46956" started-at="2020-08-10T15:16:40Z" finished-at="2020-08-10T15:17:27Z">
    <groups>
    </groups>
    <test name="Test" duration-ms="46956" started-at="2020-08-10T15:16:40Z" finished-at="2020-08-10T15:17:27Z">
      <class name="prac.DroidProject.TransactTest">
        <test-method status="PASS" signature="AppiumSetUp()[pri:0, instance:prac.DroidProject.TransactTest@6ddf90b0]" name="AppiumSetUp" is-config="true" duration-ms="36121" started-at="2020-08-10T15:16:40Z" finished-at="2020-08-10T15:17:17Z">
          <reporter-output>
          </reporter-output>
        </test-method> <!-- AppiumSetUp -->
        <test-method status="PASS" signature="TestCase()[pri:0, instance:prac.DroidProject.TransactTest@6ddf90b0]" name="TestCase" duration-ms="9729" started-at="2020-08-10T15:17:17Z" finished-at="2020-08-10T15:17:26Z">
          <reporter-output>
          </reporter-output>
        </test-method> <!-- TestCase -->
        <test-method status="PASS" signature="AppiumDestroy()[pri:0, instance:prac.DroidProject.TransactTest@6ddf90b0]" name="AppiumDestroy" is-config="true" duration-ms="52" started-at="2020-08-10T15:17:27Z" finished-at="2020-08-10T15:17:27Z">
          <reporter-output>
          </reporter-output>
        </test-method> <!-- AppiumDestroy -->
      </class> <!-- prac.DroidProject.TransactTest -->
    </test> <!-- Test -->
  </suite> <!-- Suite -->
</testng-results>
